<?xml version="1.0" encoding="UTF-8"?>
<!-- Generated by org.testng.reporters.JUnitReportReporter -->
<testsuite skipped="0" hostname="IBRAHIM" name="com.FlipKart.testCases.TestBaseClass" tests="2" failures="0" timestamp="01 Aug 2020 07:10:27 GMT" time="2.695" errors="0">
  <testcase name="homepageValidation" time="0.451" classname="com.FlipKart.testCases.TestBaseClass"/>
  <testcase name="AddProductValidation" time="2.244" classname="com.FlipKart.testCases.TestBaseClass"/>
</testsuite> <!-- com.FlipKart.testCases.TestBaseClass -->
