<?xml version="1.0" encoding="UTF-8"?>
<!-- Generated by org.testng.reporters.JUnitReportReporter -->
<testsuite skipped="0" hostname="IBRAHIM" name="com.FlipKart.testCases.SearchPageTest" tests="1" failures="0" timestamp="04 Aug 2020 08:56:31 GMT" time="1.712" errors="0">
  <testcase name="searchItemValidation" time="1.712" classname="com.FlipKart.testCases.SearchPageTest"/>
</testsuite> <!-- com.FlipKart.testCases.SearchPageTest -->
