<?xml version="1.0" encoding="UTF-8"?>
<!-- Generated by org.testng.reporters.JUnitReportReporter -->
<testsuite skipped="0" hostname="IBRAHIM" name="com.FlipKart.testCases.HomePageValidation" tests="1" failures="0" timestamp="01 Aug 2020 09:17:45 GMT" time="11.185" errors="0">
  <testcase name="homepageValidation" time="11.185" classname="com.FlipKart.testCases.HomePageValidation"/>
</testsuite> <!-- com.FlipKart.testCases.HomePageValidation -->
