<?xml version="1.0" encoding="UTF-8"?>
<!-- Generated by org.testng.reporters.JUnitReportReporter -->
<testsuite skipped="0" hostname="IBRAHIM" name="com.FlipKart.testCases.TC1_LoginTest" tests="1" failures="0" timestamp="01 Aug 2020 10:35:29 GMT" time="9.041" errors="0">
  <testcase name="loginTest" time="9.041" classname="com.FlipKart.testCases.TC1_LoginTest"/>
</testsuite> <!-- com.FlipKart.testCases.TC1_LoginTest -->
