<?xml version="1.0" encoding="UTF-8"?>
<!-- Generated by org.testng.reporters.JUnitReportReporter -->
<testsuite skipped="0" hostname="IBRAHIM" name="com.FlipKart.testCases.AddProductTest" tests="1" failures="0" timestamp="04 Aug 2020 08:56:31 GMT" time="11.964" errors="0">
  <testcase name="addProductValidation" time="11.964" classname="com.FlipKart.testCases.AddProductTest"/>
</testsuite> <!-- com.FlipKart.testCases.AddProductTest -->
