<?xml version="1.0" encoding="UTF-8"?>
<!-- Generated by org.testng.reporters.JUnitReportReporter -->
<testsuite skipped="0" hostname="IBRAHIM" name="testCases.LogoutTest" tests="1" failures="0" timestamp="06 Aug 2020 12:59:02 GMT" time="2.053" errors="0">
  <testcase name="userLogout" time="2.053" classname="testCases.LogoutTest"/>
</testsuite> <!-- testCases.LogoutTest -->
