<?xml version="1.0" encoding="UTF-8"?>
<!-- Generated by org.testng.reporters.JUnitReportReporter -->
<testsuite skipped="0" hostname="IBRAHIM" name="com.FlipKart.testCases.AddProductTest" tests="1" failures="0" timestamp="04 Aug 2020 12:06:17 GMT" time="13.035" errors="0">
  <testcase name="addProductValidation" time="13.035" classname="com.FlipKart.testCases.AddProductTest"/>
</testsuite> <!-- com.FlipKart.testCases.AddProductTest -->
