<?xml version="1.0" encoding="UTF-8"?>
<!-- Generated by org.testng.reporters.JUnitReportReporter -->
<testsuite skipped="0" hostname="IBRAHIM" name="testCases.SearchPageTest" tests="1" failures="0" timestamp="06 Aug 2020 12:59:02 GMT" time="1.712" errors="0">
  <testcase name="searchItemValidation" time="1.712" classname="testCases.SearchPageTest"/>
</testsuite> <!-- testCases.SearchPageTest -->
