<?xml version="1.0" encoding="UTF-8"?>
<!-- Generated by org.testng.reporters.JUnitReportReporter -->
<testsuite skipped="0" hostname="IBRAHIM" name="com.FlipKart.testCases.LoginPageTest" tests="1" failures="0" timestamp="04 Aug 2020 12:06:17 GMT" time="0.677" errors="0">
  <testcase name="loginTest" time="0.677" classname="com.FlipKart.testCases.LoginPageTest"/>
</testsuite> <!-- com.FlipKart.testCases.LoginPageTest -->
