<?xml version="1.0" encoding="UTF-8"?>
<!-- Generated by org.testng.reporters.JUnitReportReporter -->
<testsuite skipped="0" hostname="IBRAHIM" name="com.FlipKart.testCases.LogoutTest" tests="1" failures="0" timestamp="04 Aug 2020 12:06:17 GMT" time="0.645" errors="0">
  <testcase name="userLogout" time="0.645" classname="com.FlipKart.testCases.LogoutTest"/>
</testsuite> <!-- com.FlipKart.testCases.LogoutTest -->
