<?xml version="1.0" encoding="UTF-8"?>
<!-- Generated by org.testng.reporters.JUnitReportReporter -->
<testsuite skipped="0" hostname="IBRAHIM" name="testCases.LoginPageTest" tests="1" failures="0" timestamp="06 Aug 2020 12:59:02 GMT" time="5.476" errors="0">
  <testcase name="loginTest" time="5.476" classname="testCases.LoginPageTest"/>
</testsuite> <!-- testCases.LoginPageTest -->
