<?xml version="1.0" encoding="UTF-8"?>
<!-- Generated by org.testng.reporters.JUnitReportReporter -->
<testsuite skipped="0" hostname="IBRAHIM" name="testCases.LogoutTest" tests="1" failures="0" timestamp="04 Aug 2020 15:28:31 GMT" time="7.134" errors="0">
  <testcase name="userLogout" time="7.134" classname="testCases.LogoutTest"/>
</testsuite> <!-- testCases.LogoutTest -->
