<?xml version="1.0" encoding="UTF-8"?>
<!-- Generated by org.testng.reporters.JUnitReportReporter -->
<testsuite skipped="0" hostname="IBRAHIM" name="testCases.AddProductTest" tests="1" failures="0" timestamp="06 Aug 2020 12:59:02 GMT" time="19.798" errors="0">
  <testcase name="addProductValidation" time="19.798" classname="testCases.AddProductTest"/>
</testsuite> <!-- testCases.AddProductTest -->
