<?xml version="1.0" encoding="UTF-8"?>
<!-- Generated by org.testng.reporters.JUnitReportReporter -->
<testsuite skipped="0" hostname="IBRAHIM" name="testCases.LoginPageTest" tests="1" failures="0" timestamp="04 Aug 2020 15:28:31 GMT" time="1.213" errors="0">
  <testcase name="loginTest" time="1.213" classname="testCases.LoginPageTest"/>
</testsuite> <!-- testCases.LoginPageTest -->
